<?xml version="1.0" encoding="UTF-8"?>
<testsuites name="jest tests" tests="1" failures="1" time="600.847">
  <testsuite name="Paper clips test" errors="0" failures="1" skipped="0" timestamp="2020-10-30T14:55:06" time="600.721" tests="1">
    <testcase classname="Paper clips test Test paper clips" name="Paper clips test Test paper clips" time="600.007">
      <failure>: Timeout - Async callback was not invoked within the 600000ms timeout specified by jest.setTimeout.Timeout - Async callback was not invoked within the 600000ms timeout specified by jest.setTimeout.Error: 
    at new Spec (C:\Users\raminta.zapolske\hackathon\HackathonChalange\node_modules\jest-jasmine2\build\jasmine\Spec.js:116:22)
    at new Spec (C:\Users\raminta.zapolske\hackathon\HackathonChalange\node_modules\jest-jasmine2\build\setup_jest_globals.js:78:9)
    at specFactory (C:\Users\raminta.zapolske\hackathon\HackathonChalange\node_modules\jest-jasmine2\build\jasmine\Env.js:523:24)
    at Env.it (C:\Users\raminta.zapolske\hackathon\HackathonChalange\node_modules\jest-jasmine2\build\jasmine\Env.js:592:24)
    at Env.it (C:\Users\raminta.zapolske\hackathon\HackathonChalange\node_modules\jest-jasmine2\build\jasmineAsyncInstall.js:128:23)
    at it (C:\Users\raminta.zapolske\hackathon\HackathonChalange\node_modules\jest-jasmine2\build\jasmine\jasmineLight.js:100:21)
    at Suite.&lt;anonymous&gt; (C:\Users\raminta.zapolske\hackathon\HackathonChalange\example\tests\paperClip.test.js:5:5)
    at addSpecsToSuite (C:\Users\raminta.zapolske\hackathon\HackathonChalange\node_modules\jest-jasmine2\build\jasmine\Env.js:444:51)
    at Env.describe (C:\Users\raminta.zapolske\hackathon\HackathonChalange\node_modules\jest-jasmine2\build\jasmine\Env.js:414:11)
    at describe (C:\Users\raminta.zapolske\hackathon\HackathonChalange\node_modules\jest-jasmine2\build\jasmine\jasmineLight.js:88:18)</failure>
    </testcase>
  </testsuite>
</testsuites>